[90m[ParselCrawler][0m [32mINFO [0m Current request statistics:
┌───────────────────────────────┬──────┐
│ requests_finished             │ 0    │
│ requests_failed               │ 0    │
│ retry_histogram               │ [0]  │
│ request_avg_failed_duration   │ None │
│ request_avg_finished_duration │ None │
│ requests_finished_per_minute  │ 0    │
│ requests_failed_per_minute    │ 0    │
│ request_total_duration        │ 0s   │
│ requests_total                │ 0    │
│ crawler_runtime               │ 0s   │
└───────────────────────────────┴──────┘
[90m[ParselCrawler][0m [32mINFO [0m Crawled 0/1 pages, 0 failed requests, desired concurrency 10.
[90m[crawlee._autoscaling.autoscaled_pool][0m [32mINFO [0m current_concurrency = 0; desired_concurrency = 10; cpu = 0; mem = 0; event_loop = 0.0; client_info = 0.0
[90m[ParselCrawler][0m [32mINFO [0m Crawled 1/2 pages, 0 failed requests, desired concurrency 10.
[90m[ParselCrawler][0m [33mWARN [0m Retrying request to https://www.transfermarkt.co.uk/ca-patronato_club-social-y-atletico-guillermo-brown/index/spielbericht/3991851 due to: Error status code returned (status code: 502).. File "/usr/local/lib/python3.12/site-packages/crawlee/crawlers/_basic/_basic_crawler.py", line 1545, in _raise_for_error_status_code,     raise HttpStatusCodeError('Error status code returned', status_code)
[90m[ParselCrawler][0m [32mINFO [0m Crawled 46/650 pages, 0 failed requests, desired concurrency 10.
[90m[ParselCrawler][0m [32mINFO [0m Crawled 94/650 pages, 0 failed requests, desired concurrency 11.
[90m[ParselCrawler][0m [32mINFO [0m Crawled 130/650 pages, 0 failed requests, desired concurrency 12.
[90m[ParselCrawler][0m [32mINFO [0m Crawled 174/650 pages, 0 failed requests, desired concurrency 13.
[90m[ParselCrawler][0m [32mINFO [0m Current request statistics:
┌───────────────────────────────┬───────────┐
│ requests_finished             │ 211       │
│ requests_failed               │ 0         │
│ retry_histogram               │ [211]     │
│ request_avg_failed_duration   │ None      │
│ request_avg_finished_duration │ 2.00s     │
│ requests_finished_per_minute  │ 211       │
│ requests_failed_per_minute    │ 0         │
│ request_total_duration        │ 7min 2.7s │
│ requests_total                │ 211       │
│ crawler_runtime               │ 59.99s    │
└───────────────────────────────┴───────────┘
[90m[crawlee._autoscaling.autoscaled_pool][0m [32mINFO [0m current_concurrency = 14; desired_concurrency = 14; cpu = 0.0; mem = 0.0; event_loop = 0.0; client_info = 0.0
[90m[ParselCrawler][0m [32mINFO [0m Crawled 211/650 pages, 0 failed requests, desired concurrency 14.
[90m[ParselCrawler][0m [32mINFO [0m Crawled 239/650 pages, 0 failed requests, desired concurrency 15.
[90m[ParselCrawler][0m [33mWARN [0m Retrying request to https://www.transfermarkt.co.uk/ca-brown-adrogue-_club-ferro-carril-oeste/index/spielbericht/4019248 due to: . ,  File "/usr/local/lib/python3.12/site-packages/crawlee/http_clients/_impit.py", line 133, in crawl,     response = await client.request(
[90m[ParselCrawler][0m [32mINFO [0m Crawled 277/650 pages, 0 failed requests, desired concurrency 16.
[90m[ParselCrawler][0m [33mWARN [0m Retrying request to https://www.transfermarkt.co.uk/ca-agropecuario_ca-defensores-de-belgrano/index/spielbericht/4025726 due to: . ,  File "/usr/local/lib/python3.12/site-packages/crawlee/http_clients/_impit.py", line 133, in crawl,     response = await client.request(
[90m[ParselCrawler][0m [32mINFO [0m Crawled 323/650 pages, 0 failed requests, desired concurrency 17.
[90m[ParselCrawler][0m [33mWARN [0m Retrying request to https://www.transfermarkt.co.uk/ca-aldosivi_club-atletico-gimnasia-y-esgrima-jujuy-/index/spielbericht/4092115 due to: Error status code returned (status code: 502).. File "/usr/local/lib/python3.12/site-packages/crawlee/crawlers/_basic/_basic_crawler.py", line 1545, in _raise_for_error_status_code,     raise HttpStatusCodeError('Error status code returned', status_code)
[90m[ParselCrawler][0m [33mWARN [0m Retrying request to https://www.transfermarkt.co.uk/gimnasia-y-esgrima-de-mendoza_club-deportivo-moron/index/spielbericht/4039318 due to: . ,  File "/usr/local/lib/python3.12/site-packages/crawlee/http_clients/_impit.py", line 133, in crawl,     response = await client.request(
[90m[ParselCrawler][0m [32mINFO [0m Crawled 377/650 pages, 0 failed requests, desired concurrency 18.
[90m[ParselCrawler][0m [33mWARN [0m Retrying request to https://www.transfermarkt.co.uk/ca-all-boys_ca-agropecuario/index/spielbericht/4118378 due to: Error status code returned (status code: 502).. File "/usr/local/lib/python3.12/site-packages/crawlee/crawlers/_basic/_basic_crawler.py", line 1545, in _raise_for_error_status_code,     raise HttpStatusCodeError('Error status code returned', status_code)
[90m[ParselCrawler][0m [32mINFO [0m Crawled 419/650 pages, 0 failed requests, desired concurrency 19.
[90m[ParselCrawler][0m [33mWARN [0m Retrying request to https://www.transfermarkt.co.uk/club-deportivo-maipu_ca-brown-adrogue-/index/spielbericht/4058777 due to: . ,  File "/usr/local/lib/python3.12/site-packages/crawlee/http_clients/_impit.py", line 133, in crawl,     response = await client.request(
[90m[ParselCrawler][0m [33mWARN [0m Retrying request to https://www.transfermarkt.co.uk/club-deportivo-moron_club-almirante-brown/index/spielbericht/4057559 due to: . ,  File "/usr/local/lib/python3.12/site-packages/crawlee/http_clients/_impit.py", line 133, in crawl,     response = await client.request(
[90m[ParselCrawler][0m [32mINFO [0m Current request statistics:
┌───────────────────────────────┬─────────────┐
│ requests_finished             │ 470         │
│ requests_failed               │ 0           │
│ retry_histogram               │ [470]       │
│ request_avg_failed_duration   │ None        │
│ request_avg_finished_duration │ 2.55s       │
│ requests_finished_per_minute  │ 235         │
│ requests_failed_per_minute    │ 0           │
│ request_total_duration        │ 19min 56.2s │
│ requests_total                │ 470         │
│ crawler_runtime               │ 1min 60.0s  │
└───────────────────────────────┴─────────────┘
[90m[crawlee._autoscaling.autoscaled_pool][0m [32mINFO [0m current_concurrency = 20; desired_concurrency = 20; cpu = 0.0; mem = 0.0; event_loop = 0.0; client_info = 0.0
[90m[ParselCrawler][0m [32mINFO [0m Crawled 471/650 pages, 0 failed requests, desired concurrency 20.
[90m[ParselCrawler][0m [32mINFO [0m Crawled 536/650 pages, 0 failed requests, desired concurrency 21.
[90m[ParselCrawler][0m [33mWARN [0m Retrying request to https://www.transfermarkt.co.uk/ca-chacarita-juniors_csd-tristan-suarez/index/spielbericht/4149830 due to: Error status code returned (status code: 502).. File "/usr/local/lib/python3.12/site-packages/crawlee/crawlers/_basic/_basic_crawler.py", line 1545, in _raise_for_error_status_code,     raise HttpStatusCodeError('Error status code returned', status_code)
[90m[ParselCrawler][0m [33mWARN [0m Retrying request to https://www.transfermarkt.co.uk/ca-san-martin-san-juan-_ca-alvarado/index/spielbericht/4085378 due to: Error status code returned (status code: 502).. File "/usr/local/lib/python3.12/site-packages/crawlee/crawlers/_basic/_basic_crawler.py", line 1545, in _raise_for_error_status_code,     raise HttpStatusCodeError('Error status code returned', status_code)
[90m[ParselCrawler][0m [32mINFO [0m Crawled 599/650 pages, 0 failed requests, desired concurrency 23.
[90m[ParselCrawler][0m [33mWARN [0m Retrying request to https://www.transfermarkt.co.uk/ca-mitre_cs-deportivo-madryn/index/spielbericht/4083753 due to: . ,  File "/usr/local/lib/python3.12/site-packages/crawlee/http_clients/_impit.py", line 133, in crawl,     response = await client.request(
[90m[ParselCrawler][0m [33mWARN [0m Retrying request to https://www.transfermarkt.co.uk/club-deportivo-moron_ca-temperley/index/spielbericht/4081295 due to: . ,  File "/usr/local/lib/python3.12/site-packages/crawlee/http_clients/_impit.py", line 133, in crawl,     response = await client.request(
[90m[ParselCrawler][0m [33mWARN [0m Retrying request to https://www.transfermarkt.co.uk/ca-san-martin-san-juan-_ca-alvarado/index/spielbericht/4085378 due to: Error status code returned (status code: 502).. File "/usr/local/lib/python3.12/site-packages/crawlee/crawlers/_basic/_basic_crawler.py", line 1545, in _raise_for_error_status_code,     raise HttpStatusCodeError('Error status code returned', status_code)
[90m[ParselCrawler][0m [33mWARN [0m Retrying request to https://www.transfermarkt.co.uk/ca-san-martin-san-juan-_ca-alvarado/index/spielbericht/4085378 due to: Error status code returned (status code: 502).. File "/usr/local/lib/python3.12/site-packages/crawlee/crawlers/_basic/_basic_crawler.py", line 1545, in _raise_for_error_status_code,     raise HttpStatusCodeError('Error status code returned', status_code)
[90m[ParselCrawler][0m [31mERROR[0m Request to https://www.transfermarkt.co.uk/ca-san-martin-san-juan-_ca-alvarado/index/spielbericht/4085378 failed and reached maximum retries
 Traceback (most recent call last):
  File "/usr/local/lib/python3.12/site-packages/crawlee/crawlers/_basic/_context_pipeline.py", line 100, in __call__
    result = await middleware_instance.action()
             ^^^^^^^^^^^^^^^^^^^^^^^^^^^^^^^^^^
  File "/usr/local/lib/python3.12/site-packages/crawlee/crawlers/_basic/_context_pipeline.py", line 40, in action
    self.output_context = await self.generator.__anext__()
                          ^^^^^^^^^^^^^^^^^^^^^^^^^^^^^^^^
  File "/usr/local/lib/python3.12/site-packages/crawlee/crawlers/_abstract_http/_abstract_http_crawler.py", line 296, in _handle_status_code_response
    self._raise_for_error_status_code(status_code)
  File "/usr/local/lib/python3.12/site-packages/crawlee/crawlers/_basic/_basic_crawler.py", line 1545, in _raise_for_error_status_code
    raise HttpStatusCodeError('Error status code returned', status_code)
crawlee.errors.HttpStatusCodeError: Error status code returned (status code: 502).
[90m[ParselCrawler][0m [32mINFO [0m Crawled 643/650 pages, 1 failed requests, desired concurrency 25.
[90m[ParselCrawler][0m [32mINFO [0m Crawled 646/650 pages, 1 failed requests, desired concurrency 27.
[90m[ParselCrawler][0m [32mINFO [0m Crawled 647/650 pages, 1 failed requests, desired concurrency 27.
[90m[ParselCrawler][0m [32mINFO [0m Current request statistics:
┌───────────────────────────────┬─────────────────┐
│ requests_finished             │ 648             │
│ requests_failed               │ 1               │
│ retry_histogram               │ [637, 11, 0, 1] │
│ request_avg_failed_duration   │ 520.0ms         │
│ request_avg_finished_duration │ 2.78s           │
│ requests_finished_per_minute  │ 216             │
│ requests_failed_per_minute    │ 0               │
│ request_total_duration        │ 30min 3.1s      │
│ requests_total                │ 649             │
│ crawler_runtime               │ 2min 60.0s      │
└───────────────────────────────┴─────────────────┘
[90m[crawlee._autoscaling.autoscaled_pool][0m [32mINFO [0m current_concurrency = 7; desired_concurrency = 29; cpu = 0.0; mem = 0.0; event_loop = 0.0; client_info = 0.0
[90m[ParselCrawler][0m [32mINFO [0m Crawled 648/650 pages, 1 failed requests, desired concurrency 29.
[90m[ParselCrawler][0m [32mINFO [0m Crawled 648/650 pages, 1 failed requests, desired concurrency 29.
[90m[crawlee._autoscaling.autoscaled_pool][0m [32mINFO [0m Waiting for remaining tasks to finish
[90m[ParselCrawler][0m [32mINFO [0m Error analysis: total_errors=15 unique_errors=2
[90m[ParselCrawler][0m [32mINFO [0m Final request statistics:
┌───────────────────────────────┬─────────────────┐
│ requests_finished             │ 649             │
│ requests_failed               │ 1               │
│ retry_histogram               │ [638, 11, 0, 1] │
│ request_avg_failed_duration   │ 520.0ms         │
│ request_avg_finished_duration │ 2.86s           │
│ requests_finished_per_minute  │ 201             │
│ requests_failed_per_minute    │ 0               │
│ request_total_duration        │ 30min 57.5s     │
│ requests_total                │ 650             │
│ crawler_runtime               │ 3min 13.5s      │
└───────────────────────────────┴─────────────────┘
[90m[tfmkt.common][0m [31mERROR[0m Failed to scrape https://www.transfermarkt.co.uk/ca-san-martin-san-juan-_ca-alvarado/index/spielbericht/4085378: Error status code returned (status code: 502).
