[90m[ParselCrawler][0m [32mINFO [0m Current request statistics:
┌───────────────────────────────┬──────┐
│ requests_finished             │ 0    │
│ requests_failed               │ 0    │
│ retry_histogram               │ [0]  │
│ request_avg_failed_duration   │ None │
│ request_avg_finished_duration │ None │
│ requests_finished_per_minute  │ 0    │
│ requests_failed_per_minute    │ 0    │
│ request_total_duration        │ 0s   │
│ requests_total                │ 0    │
│ crawler_runtime               │ 0s   │
└───────────────────────────────┴──────┘
[90m[ParselCrawler][0m [32mINFO [0m Crawled 0/1 pages, 0 failed requests, desired concurrency 10.
[90m[crawlee._autoscaling.autoscaled_pool][0m [32mINFO [0m current_concurrency = 0; desired_concurrency = 10; cpu = 0; mem = 0; event_loop = 0.0; client_info = 0.0
[90m[ParselCrawler][0m [32mINFO [0m Crawled 0/1 pages, 0 failed requests, desired concurrency 10.
[90m[ParselCrawler][0m [32mINFO [0m Crawled 20/352 pages, 0 failed requests, desired concurrency 10.
[90m[ParselCrawler][0m [32mINFO [0m Crawled 41/352 pages, 0 failed requests, desired concurrency 11.
[90m[ParselCrawler][0m [33mWARN [0m Retrying request to https://www.transfermarkt.co.uk/vfb-stuttgart-ii_sv-wehen-wiesbaden/index/spielbericht/4644060 due to: Error status code returned (status code: 502).. File "/usr/local/lib/python3.12/site-packages/crawlee/crawlers/_basic/_basic_crawler.py", line 1545, in _raise_for_error_status_code,     raise HttpStatusCodeError('Error status code returned', status_code)
[90m[ParselCrawler][0m [32mINFO [0m Crawled 84/352 pages, 0 failed requests, desired concurrency 12.
[90m[ParselCrawler][0m [33mWARN [0m Retrying request to https://www.transfermarkt.co.uk/tsg-1899-hoffenheim-ii_fc-erzgebirge-aue/index/spielbericht/4644105 due to: Error status code returned (status code: 502).. File "/usr/local/lib/python3.12/site-packages/crawlee/crawlers/_basic/_basic_crawler.py", line 1545, in _raise_for_error_status_code,     raise HttpStatusCodeError('Error status code returned', status_code)
[90m[ParselCrawler][0m [32mINFO [0m Crawled 126/352 pages, 0 failed requests, desired concurrency 13.
[90m[ParselCrawler][0m [32mINFO [0m Current request statistics:
┌───────────────────────────────┬────────────┐
│ requests_finished             │ 168        │
│ requests_failed               │ 0          │
│ retry_histogram               │ [168]      │
│ request_avg_failed_duration   │ None       │
│ request_avg_finished_duration │ 2.77s      │
│ requests_finished_per_minute  │ 168        │
│ requests_failed_per_minute    │ 0          │
│ request_total_duration        │ 7min 45.3s │
│ requests_total                │ 168        │
│ crawler_runtime               │ 59.99s     │
└───────────────────────────────┴────────────┘
[90m[crawlee._autoscaling.autoscaled_pool][0m [32mINFO [0m current_concurrency = 14; desired_concurrency = 14; cpu = 0.0; mem = 0.0; event_loop = 0.0; client_info = 0.0
[90m[ParselCrawler][0m [32mINFO [0m Crawled 168/352 pages, 0 failed requests, desired concurrency 14.
[90m[ParselCrawler][0m [32mINFO [0m Crawled 227/352 pages, 0 failed requests, desired concurrency 15.
[90m[ParselCrawler][0m [32mINFO [0m Crawled 285/352 pages, 0 failed requests, desired concurrency 16.
[90m[ParselCrawler][0m [33mWARN [0m Retrying request to https://www.transfermarkt.co.uk/fc-hansa-rostock_msv-duisburg/index/spielbericht/4644309 due to: Error status code returned (status code: 502).. File "/usr/local/lib/python3.12/site-packages/crawlee/crawlers/_basic/_basic_crawler.py", line 1545, in _raise_for_error_status_code,     raise HttpStatusCodeError('Error status code returned', status_code)
[90m[ParselCrawler][0m [33mWARN [0m Retrying request to https://www.transfermarkt.co.uk/fc-hansa-rostock_msv-duisburg/index/spielbericht/4644309 due to: Error status code returned (status code: 502).. File "/usr/local/lib/python3.12/site-packages/crawlee/crawlers/_basic/_basic_crawler.py", line 1545, in _raise_for_error_status_code,     raise HttpStatusCodeError('Error status code returned', status_code)
[90m[ParselCrawler][0m [33mWARN [0m Retrying request to https://www.transfermarkt.co.uk/fc-hansa-rostock_msv-duisburg/index/spielbericht/4644309 due to: Error status code returned (status code: 502).. File "/usr/local/lib/python3.12/site-packages/crawlee/crawlers/_basic/_basic_crawler.py", line 1545, in _raise_for_error_status_code,     raise HttpStatusCodeError('Error status code returned', status_code)
[90m[ParselCrawler][0m [32mINFO [0m Crawled 338/352 pages, 0 failed requests, desired concurrency 17.
[90m[ParselCrawler][0m [31mERROR[0m Request to https://www.transfermarkt.co.uk/fc-hansa-rostock_msv-duisburg/index/spielbericht/4644309 failed and reached maximum retries
 Traceback (most recent call last):
  File "/usr/local/lib/python3.12/site-packages/crawlee/crawlers/_basic/_context_pipeline.py", line 100, in __call__
    result = await middleware_instance.action()
             ^^^^^^^^^^^^^^^^^^^^^^^^^^^^^^^^^^
  File "/usr/local/lib/python3.12/site-packages/crawlee/crawlers/_basic/_context_pipeline.py", line 40, in action
    self.output_context = await self.generator.__anext__()
                          ^^^^^^^^^^^^^^^^^^^^^^^^^^^^^^^^
  File "/usr/local/lib/python3.12/site-packages/crawlee/crawlers/_abstract_http/_abstract_http_crawler.py", line 296, in _handle_status_code_response
    self._raise_for_error_status_code(status_code)
  File "/usr/local/lib/python3.12/site-packages/crawlee/crawlers/_basic/_basic_crawler.py", line 1545, in _raise_for_error_status_code
    raise HttpStatusCodeError('Error status code returned', status_code)
crawlee.errors.HttpStatusCodeError: Error status code returned (status code: 502).
[90m[ParselCrawler][0m [32mINFO [0m Crawled 350/352 pages, 1 failed requests, desired concurrency 18.
[90m[ParselCrawler][0m [32mINFO [0m Crawled 350/352 pages, 1 failed requests, desired concurrency 18.
[90m[ParselCrawler][0m [32mINFO [0m Current request statistics:
┌───────────────────────────────┬────────────────┐
│ requests_finished             │ 350            │
│ requests_failed               │ 1              │
│ retry_histogram               │ [348, 2, 0, 1] │
│ request_avg_failed_duration   │ 267.1ms        │
│ request_avg_finished_duration │ 2.98s          │
│ requests_finished_per_minute  │ 175            │
│ requests_failed_per_minute    │ 0              │
│ request_total_duration        │ 17min 25.0s    │
│ requests_total                │ 351            │
│ crawler_runtime               │ 1min 60.0s     │
└───────────────────────────────┴────────────────┘
[90m[crawlee._autoscaling.autoscaled_pool][0m [32mINFO [0m current_concurrency = 11; desired_concurrency = 18; cpu = 0.0; mem = 0.0; event_loop = 0.0; client_info = 0.0
[90m[ParselCrawler][0m [32mINFO [0m Crawled 350/352 pages, 1 failed requests, desired concurrency 18.
[90m[ParselCrawler][0m [33mWARN [0m Retrying request to https://www.transfermarkt.co.uk/tsv-havelse_tsv-1860-munich/index/spielbericht/4644261 due to: . ,  File "/usr/local/lib/python3.12/site-packages/crawlee/http_clients/_impit.py", line 133, in crawl,     response = await client.request(
[90m[ParselCrawler][0m [32mINFO [0m Crawled 350/352 pages, 1 failed requests, desired concurrency 18.
[90m[crawlee._autoscaling.autoscaled_pool][0m [32mINFO [0m Waiting for remaining tasks to finish
[90m[ParselCrawler][0m [32mINFO [0m Error analysis: total_errors=7 unique_errors=2
[90m[ParselCrawler][0m [32mINFO [0m Final request statistics:
┌───────────────────────────────┬────────────────┐
│ requests_finished             │ 351            │
│ requests_failed               │ 1              │
│ retry_histogram               │ [348, 3, 0, 1] │
│ request_avg_failed_duration   │ 267.1ms        │
│ request_avg_finished_duration │ 2.98s          │
│ requests_finished_per_minute  │ 161            │
│ requests_failed_per_minute    │ 0              │
│ request_total_duration        │ 17min 27.0s    │
│ requests_total                │ 352            │
│ crawler_runtime               │ 2min 11.2s     │
└───────────────────────────────┴────────────────┘
[90m[tfmkt.common][0m [31mERROR[0m Failed to scrape https://www.transfermarkt.co.uk/fc-hansa-rostock_msv-duisburg/index/spielbericht/4644309: Error status code returned (status code: 502).
