[90m[ParselCrawler][0m [32mINFO [0m Current request statistics:
┌───────────────────────────────┬──────┐
│ requests_finished             │ 0    │
│ requests_failed               │ 0    │
│ retry_histogram               │ [0]  │
│ request_avg_failed_duration   │ None │
│ request_avg_finished_duration │ None │
│ requests_finished_per_minute  │ 0    │
│ requests_failed_per_minute    │ 0    │
│ request_total_duration        │ 0s   │
│ requests_total                │ 0    │
│ crawler_runtime               │ 0s   │
└───────────────────────────────┴──────┘
[90m[ParselCrawler][0m [32mINFO [0m Crawled 0/1 pages, 0 failed requests, desired concurrency 10.
[90m[crawlee._autoscaling.autoscaled_pool][0m [32mINFO [0m current_concurrency = 0; desired_concurrency = 10; cpu = 0; mem = 0; event_loop = 0.0; client_info = 0.0
[90m[ParselCrawler][0m [33mWARN [0m Encountered "crawlee.errors.SessionError: Assuming the session is blocked based on HTTP status code 403", rotating session and retrying...
[90m[ParselCrawler][0m [33mWARN [0m Encountered "crawlee.errors.SessionError: Assuming the session is blocked based on HTTP status code 403", rotating session and retrying...
[90m[ParselCrawler][0m [33mWARN [0m Encountered "crawlee.errors.SessionError: Assuming the session is blocked based on HTTP status code 403", rotating session and retrying...
[90m[ParselCrawler][0m [33mWARN [0m Encountered "crawlee.errors.SessionError: Assuming the session is blocked based on HTTP status code 403", rotating session and retrying...
[90m[ParselCrawler][0m [33mWARN [0m Encountered "crawlee.errors.SessionError: Assuming the session is blocked based on HTTP status code 403", rotating session and retrying...
[90m[ParselCrawler][0m [33mWARN [0m Encountered "crawlee.errors.SessionError: Assuming the session is blocked based on HTTP status code 403", rotating session and retrying...
[90m[ParselCrawler][0m [33mWARN [0m Encountered "crawlee.errors.SessionError: Assuming the session is blocked based on HTTP status code 403", rotating session and retrying...
[90m[ParselCrawler][0m [33mWARN [0m Encountered "crawlee.errors.SessionError: Assuming the session is blocked based on HTTP status code 403", rotating session and retrying...
[90m[ParselCrawler][0m [33mWARN [0m Encountered "crawlee.errors.SessionError: Assuming the session is blocked based on HTTP status code 403", rotating session and retrying...
[90m[ParselCrawler][0m [31mERROR[0m Request to https://www.transfermarkt.co.uk/primera-nacional/startseite/wettbewerb/ARG2?saison_id=2025 failed and reached maximum retries
 Traceback (most recent call last):
  File "/usr/local/lib/python3.12/site-packages/crawlee/crawlers/_basic/_basic_crawler.py", line 1437, in __run_task_function
    await self._run_request_handler(context=context)
  File "/usr/local/lib/python3.12/site-packages/crawlee/crawlers/_basic/_basic_crawler.py", line 1514, in _run_request_handler
    await self._context_pipeline(
  File "/usr/local/lib/python3.12/site-packages/crawlee/crawlers/_basic/_context_pipeline.py", line 100, in __call__
    result = await middleware_instance.action()
             ^^^^^^^^^^^^^^^^^^^^^^^^^^^^^^^^^^
  File "/usr/local/lib/python3.12/site-packages/crawlee/crawlers/_basic/_context_pipeline.py", line 40, in action
    self.output_context = await self.generator.__anext__()
                          ^^^^^^^^^^^^^^^^^^^^^^^^^^^^^^^^
  File "/usr/local/lib/python3.12/site-packages/crawlee/crawlers/_abstract_http/_abstract_http_crawler.py", line 295, in _handle_status_code_response
    self._raise_for_session_blocked_status_code(context.session, status_code)
  File "/usr/local/lib/python3.12/site-packages/crawlee/crawlers/_basic/_basic_crawler.py", line 1561, in _raise_for_session_blocked_status_code
    raise SessionError(f'Assuming the session is blocked based on HTTP status code {status_code}')
crawlee.errors.SessionError: Assuming the session is blocked based on HTTP status code 403
[90m[crawlee._autoscaling.autoscaled_pool][0m [32mINFO [0m Waiting for remaining tasks to finish
[90m[ParselCrawler][0m [32mINFO [0m Error analysis: total_errors=1 unique_errors=1
[90m[ParselCrawler][0m [32mINFO [0m Final request statistics:
┌───────────────────────────────┬────────────────────────────────┐
│ requests_finished             │ 0                              │
│ requests_failed               │ 1                              │
│ retry_histogram               │ [0, 0, 0, 0, 0, 0, 0, 0, 0, 1] │
│ request_avg_failed_duration   │ 76.5ms                         │
│ request_avg_finished_duration │ None                           │
│ requests_finished_per_minute  │ 0                              │
│ requests_failed_per_minute    │ 93                             │
│ request_total_duration        │ 76.5ms                         │
│ requests_total                │ 1                              │
│ crawler_runtime               │ 644.1ms                        │
└───────────────────────────────┴────────────────────────────────┘
[90m[tfmkt.common][0m [31mERROR[0m Failed to scrape https://www.transfermarkt.co.uk/primera-nacional/startseite/wettbewerb/ARG2?saison_id=2025: Assuming the session is blocked based on HTTP status code 403
