[90m[ParselCrawler][0m [32mINFO [0m Current request statistics:
┌───────────────────────────────┬──────┐
│ requests_finished             │ 0    │
│ requests_failed               │ 0    │
│ retry_histogram               │ [0]  │
│ request_avg_failed_duration   │ None │
│ request_avg_finished_duration │ None │
│ requests_finished_per_minute  │ 0    │
│ requests_failed_per_minute    │ 0    │
│ request_total_duration        │ 0s   │
│ requests_total                │ 0    │
│ crawler_runtime               │ 0s   │
└───────────────────────────────┴──────┘
[90m[ParselCrawler][0m [32mINFO [0m Crawled 0/1 pages, 0 failed requests, desired concurrency 10.
[90m[crawlee._autoscaling.autoscaled_pool][0m [32mINFO [0m current_concurrency = 0; desired_concurrency = 10; cpu = 0; mem = 0; event_loop = 0.0; client_info = 0.0
[90m[ParselCrawler][0m [32mINFO [0m Crawled 0/1 pages, 0 failed requests, desired concurrency 10.
[90m[ParselCrawler][0m [32mINFO [0m Crawled 0/1 pages, 0 failed requests, desired concurrency 10.
[90m[ParselCrawler][0m [32mINFO [0m Crawled 0/1 pages, 0 failed requests, desired concurrency 10.
[90m[ParselCrawler][0m [32mINFO [0m Crawled 1/2 pages, 0 failed requests, desired concurrency 10.
[90m[ParselCrawler][0m [32mINFO [0m Crawled 2/406 pages, 0 failed requests, desired concurrency 10.
[90m[ParselCrawler][0m [32mINFO [0m Current request statistics:
┌───────────────────────────────┬────────────┐
│ requests_finished             │ 32         │
│ requests_failed               │ 0          │
│ retry_histogram               │ [32]       │
│ request_avg_failed_duration   │ None       │
│ request_avg_finished_duration │ 3.57s      │
│ requests_finished_per_minute  │ 32         │
│ requests_failed_per_minute    │ 0          │
│ request_total_duration        │ 1min 54.3s │
│ requests_total                │ 32         │
│ crawler_runtime               │ 59.99s     │
└───────────────────────────────┴────────────┘
[90m[crawlee._autoscaling.autoscaled_pool][0m [32mINFO [0m current_concurrency = 11; desired_concurrency = 11; cpu = 0.0; mem = 0.0; event_loop = 0.0; client_info = 0.0
[90m[ParselCrawler][0m [32mINFO [0m Crawled 32/406 pages, 0 failed requests, desired concurrency 11.
[90m[ParselCrawler][0m [32mINFO [0m Crawled 60/406 pages, 0 failed requests, desired concurrency 12.
[90m[ParselCrawler][0m [32mINFO [0m Crawled 80/406 pages, 0 failed requests, desired concurrency 13.
[90m[ParselCrawler][0m [32mINFO [0m Crawled 93/406 pages, 0 failed requests, desired concurrency 14.
[90m[ParselCrawler][0m [32mINFO [0m Crawled 106/406 pages, 0 failed requests, desired concurrency 15.
[90m[ParselCrawler][0m [32mINFO [0m Crawled 126/406 pages, 0 failed requests, desired concurrency 16.
[90m[ParselCrawler][0m [33mWARN [0m Retrying request to https://www.transfermarkt.co.uk/spielbericht/index/spielbericht/4745614 due to: . ,  File "/usr/local/lib/python3.12/site-packages/crawlee/http_clients/_impit.py", line 133, in crawl,     response = await client.request(
[90m[ParselCrawler][0m [33mWARN [0m Retrying request to https://www.transfermarkt.co.uk/spielbericht/index/spielbericht/4747715 due to: . ,  File "/usr/local/lib/python3.12/site-packages/crawlee/http_clients/_impit.py", line 133, in crawl,     response = await client.request(
[90m[ParselCrawler][0m [32mINFO [0m Current request statistics:
┌───────────────────────────────┬────────────┐
│ requests_finished             │ 161        │
│ requests_failed               │ 0          │
│ retry_histogram               │ [161]      │
│ request_avg_failed_duration   │ None       │
│ request_avg_finished_duration │ 3.48s      │
│ requests_finished_per_minute  │ 81         │
│ requests_failed_per_minute    │ 0          │
│ request_total_duration        │ 9min 20.4s │
│ requests_total                │ 161        │
│ crawler_runtime               │ 1min 60.0s │
└───────────────────────────────┴────────────┘
[90m[crawlee._autoscaling.autoscaled_pool][0m [32mINFO [0m current_concurrency = 17; desired_concurrency = 17; cpu = 0.0; mem = 0.0; event_loop = 0.0; client_info = 0.0
[90m[ParselCrawler][0m [32mINFO [0m Crawled 161/406 pages, 0 failed requests, desired concurrency 17.
[90m[ParselCrawler][0m [33mWARN [0m Retrying request to https://www.transfermarkt.co.uk/spielbericht/index/spielbericht/4745620 due to: . ,  File "/usr/local/lib/python3.12/site-packages/crawlee/http_clients/_impit.py", line 133, in crawl,     response = await client.request(
[90m[ParselCrawler][0m [33mWARN [0m Retrying request to https://www.transfermarkt.co.uk/spielbericht/index/spielbericht/4745625 due to: . ,  File "/usr/local/lib/python3.12/site-packages/crawlee/http_clients/_impit.py", line 133, in crawl,     response = await client.request(
[90m[ParselCrawler][0m [33mWARN [0m Retrying request to https://www.transfermarkt.co.uk/spielbericht/index/spielbericht/4756294 due to: Error status code returned (status code: 502).. File "/usr/local/lib/python3.12/site-packages/crawlee/crawlers/_basic/_basic_crawler.py", line 1545, in _raise_for_error_status_code,     raise HttpStatusCodeError('Error status code returned', status_code)
[90m[ParselCrawler][0m [32mINFO [0m Crawled 193/406 pages, 0 failed requests, desired concurrency 18.
[90m[ParselCrawler][0m [33mWARN [0m Retrying request to https://www.transfermarkt.co.uk/spielbericht/index/spielbericht/4747992 due to: . ,  File "/usr/local/lib/python3.12/site-packages/crawlee/http_clients/_impit.py", line 133, in crawl,     response = await client.request(
[90m[ParselCrawler][0m [33mWARN [0m Retrying request to https://www.transfermarkt.co.uk/spielbericht/index/spielbericht/4748517 due to: . ,  File "/usr/local/lib/python3.12/site-packages/crawlee/http_clients/_impit.py", line 133, in crawl,     response = await client.request(
[90m[ParselCrawler][0m [33mWARN [0m Retrying request to https://www.transfermarkt.co.uk/spielbericht/index/spielbericht/4747987 due to: . ,  File "/usr/local/lib/python3.12/site-packages/crawlee/http_clients/_impit.py", line 133, in crawl,     response = await client.request(
[90m[ParselCrawler][0m [32mINFO [0m Crawled 219/406 pages, 0 failed requests, desired concurrency 19.
[90m[ParselCrawler][0m [33mWARN [0m Retrying request to https://www.transfermarkt.co.uk/spielbericht/index/spielbericht/4748469 due to: . ,  File "/usr/local/lib/python3.12/site-packages/crawlee/http_clients/_impit.py", line 133, in crawl,     response = await client.request(
[90m[ParselCrawler][0m [32mINFO [0m Crawled 242/406 pages, 0 failed requests, desired concurrency 20.
[90m[ParselCrawler][0m [32mINFO [0m Crawled 291/406 pages, 0 failed requests, desired concurrency 21.
[90m[ParselCrawler][0m [33mWARN [0m Retrying request to https://www.transfermarkt.co.uk/spielbericht/index/spielbericht/4768044 due to: . ,  File "/usr/local/lib/python3.12/site-packages/crawlee/http_clients/_impit.py", line 133, in crawl,     response = await client.request(
[90m[ParselCrawler][0m [32mINFO [0m Crawled 321/406 pages, 0 failed requests, desired concurrency 23.
[90m[ParselCrawler][0m [33mWARN [0m Retrying request to https://www.transfermarkt.co.uk/spielbericht/index/spielbericht/4756746 due to: . ,  File "/usr/local/lib/python3.12/site-packages/crawlee/http_clients/_impit.py", line 133, in crawl,     response = await client.request(
[90m[ParselCrawler][0m [33mWARN [0m Retrying request to https://www.transfermarkt.co.uk/spielbericht/index/spielbericht/4793623 due to: . ,  File "/usr/local/lib/python3.12/site-packages/crawlee/http_clients/_impit.py", line 133, in crawl,     response = await client.request(
[90m[ParselCrawler][0m [32mINFO [0m Current request statistics:
┌───────────────────────────────┬─────────────┐
│ requests_finished             │ 360         │
│ requests_failed               │ 0           │
│ retry_histogram               │ [360]       │
│ request_avg_failed_duration   │ None        │
│ request_avg_finished_duration │ 3.64s       │
│ requests_finished_per_minute  │ 120         │
│ requests_failed_per_minute    │ 0           │
│ request_total_duration        │ 21min 49.9s │
│ requests_total                │ 360         │
│ crawler_runtime               │ 2min 60.0s  │
└───────────────────────────────┴─────────────┘
[90m[crawlee._autoscaling.autoscaled_pool][0m [32mINFO [0m current_concurrency = 25; desired_concurrency = 25; cpu = 0.0; mem = 0.0; event_loop = 0.0; client_info = 0.0
[90m[ParselCrawler][0m [32mINFO [0m Crawled 360/406 pages, 0 failed requests, desired concurrency 25.
[90m[ParselCrawler][0m [33mWARN [0m Retrying request to https://www.transfermarkt.co.uk/spielbericht/index/spielbericht/4771940 due to: Error status code returned (status code: 502).. File "/usr/local/lib/python3.12/site-packages/crawlee/crawlers/_basic/_basic_crawler.py", line 1545, in _raise_for_error_status_code,     raise HttpStatusCodeError('Error status code returned', status_code)
[90m[ParselCrawler][0m [33mWARN [0m Retrying request to https://www.transfermarkt.co.uk/spielbericht/index/spielbericht/4768044 due to: Error status code returned (status code: 502).. File "/usr/local/lib/python3.12/site-packages/crawlee/crawlers/_basic/_basic_crawler.py", line 1545, in _raise_for_error_status_code,     raise HttpStatusCodeError('Error status code returned', status_code)
[90m[ParselCrawler][0m [33mWARN [0m Retrying request to https://www.transfermarkt.co.uk/spielbericht/index/spielbericht/4768044 due to: Error status code returned (status code: 502).. File "/usr/local/lib/python3.12/site-packages/crawlee/crawlers/_basic/_basic_crawler.py", line 1545, in _raise_for_error_status_code,     raise HttpStatusCodeError('Error status code returned', status_code)
[90m[ParselCrawler][0m [31mERROR[0m Request to https://www.transfermarkt.co.uk/spielbericht/index/spielbericht/4768044 failed and reached maximum retries
 Traceback (most recent call last):
  File "/usr/local/lib/python3.12/site-packages/crawlee/crawlers/_basic/_context_pipeline.py", line 100, in __call__
    result = await middleware_instance.action()
             ^^^^^^^^^^^^^^^^^^^^^^^^^^^^^^^^^^
  File "/usr/local/lib/python3.12/site-packages/crawlee/crawlers/_basic/_context_pipeline.py", line 40, in action
    self.output_context = await self.generator.__anext__()
                          ^^^^^^^^^^^^^^^^^^^^^^^^^^^^^^^^
  File "/usr/local/lib/python3.12/site-packages/crawlee/crawlers/_abstract_http/_abstract_http_crawler.py", line 296, in _handle_status_code_response
    self._raise_for_error_status_code(status_code)
  File "/usr/local/lib/python3.12/site-packages/crawlee/crawlers/_basic/_basic_crawler.py", line 1545, in _raise_for_error_status_code
    raise HttpStatusCodeError('Error status code returned', status_code)
crawlee.errors.HttpStatusCodeError: Error status code returned (status code: 502).
[90m[ParselCrawler][0m [32mINFO [0m Crawled 393/406 pages, 1 failed requests, desired concurrency 27.
[90m[ParselCrawler][0m [33mWARN [0m Retrying request to https://www.transfermarkt.co.uk/spielbericht/index/spielbericht/4760975 due to: . ,  File "/usr/local/lib/python3.12/site-packages/crawlee/http_clients/_impit.py", line 133, in crawl,     response = await client.request(
[90m[ParselCrawler][0m [32mINFO [0m Crawled 400/406 pages, 1 failed requests, desired concurrency 27.
[90m[ParselCrawler][0m [32mINFO [0m Crawled 402/406 pages, 1 failed requests, desired concurrency 27.
[90m[ParselCrawler][0m [32mINFO [0m Crawled 402/406 pages, 1 failed requests, desired concurrency 27.
[90m[ParselCrawler][0m [33mWARN [0m Retrying request to https://www.transfermarkt.co.uk/spielbericht/index/spielbericht/4771935 due to: . ,  File "/usr/local/lib/python3.12/site-packages/crawlee/http_clients/_impit.py", line 133, in crawl,     response = await client.request(
[90m[ParselCrawler][0m [33mWARN [0m Retrying request to https://www.transfermarkt.co.uk/spielbericht/index/spielbericht/4771948 due to: . ,  File "/usr/local/lib/python3.12/site-packages/crawlee/http_clients/_impit.py", line 133, in crawl,     response = await client.request(
[90m[ParselCrawler][0m [32mINFO [0m Crawled 402/406 pages, 1 failed requests, desired concurrency 27.
[90m[ParselCrawler][0m [33mWARN [0m Retrying request to https://www.transfermarkt.co.uk/spielbericht/index/spielbericht/4788534 due to: . ,  File "/usr/local/lib/python3.12/site-packages/crawlee/http_clients/_impit.py", line 133, in crawl,     response = await client.request(
[90m[ParselCrawler][0m [32mINFO [0m Current request statistics:
┌───────────────────────────────┬─────────────────┐
│ requests_finished             │ 404             │
│ requests_failed               │ 1               │
│ retry_histogram               │ [389, 15, 0, 1] │
│ request_avg_failed_duration   │ 170.5ms         │
│ request_avg_finished_duration │ 4.32s           │
│ requests_finished_per_minute  │ 101             │
│ requests_failed_per_minute    │ 0               │
│ request_total_duration        │ 29min 6.7s      │
│ requests_total                │ 405             │
│ crawler_runtime               │ 3min 60.0s      │
└───────────────────────────────┴─────────────────┘
[90m[crawlee._autoscaling.autoscaled_pool][0m [32mINFO [0m current_concurrency = 10; desired_concurrency = 27; cpu = 0.0; mem = 0.0; event_loop = 0.0; client_info = 0.0
[90m[ParselCrawler][0m [32mINFO [0m Crawled 404/406 pages, 1 failed requests, desired concurrency 27.
[90m[crawlee._autoscaling.autoscaled_pool][0m [32mINFO [0m Waiting for remaining tasks to finish
[90m[ParselCrawler][0m [32mINFO [0m Error analysis: total_errors=20 unique_errors=2
[90m[ParselCrawler][0m [32mINFO [0m Final request statistics:
┌───────────────────────────────┬─────────────────┐
│ requests_finished             │ 405             │
│ requests_failed               │ 1               │
│ retry_histogram               │ [389, 16, 0, 1] │
│ request_avg_failed_duration   │ 170.5ms         │
│ request_avg_finished_duration │ 4.33s           │
│ requests_finished_per_minute  │ 99              │
│ requests_failed_per_minute    │ 0               │
│ request_total_duration        │ 29min 13.8s     │
│ requests_total                │ 406             │
│ crawler_runtime               │ 4min 4.7s       │
└───────────────────────────────┴─────────────────┘
[90m[tfmkt.common][0m [31mERROR[0m Failed to scrape https://www.transfermarkt.co.uk/spielbericht/index/spielbericht/4768044: Error status code returned (status code: 502).
